2026-03-09 10:09:19,881 - DEMONIO - INFO - Demonio iniciado. Monitoreo activado.
2026-03-09 10:09:19,882 - DEMONIO - INFO - Arrancando el Proceso A (app.py)...
2026-03-09 10:09:30,075 - DEMONIO - WARNING - El Proceso A murio inesperadamente (Codigo de salida: 1).
2026-03-09 10:09:30,076 - DEMONIO - INFO - Aplicando tolerancia a fallas: Reiniciando el servicio en 3 segundos...
2026-03-09 10:09:33,076 - DEMONIO - INFO - Arrancando el Proceso A (app.py)...
2026-03-09 10:09:43,251 - DEMONIO - WARNING - El Proceso A murio inesperadamente (Codigo de salida: 1).
2026-03-09 10:09:43,251 - DEMONIO - INFO - Aplicando tolerancia a fallas: Reiniciando el servicio en 3 segundos...
2026-03-09 10:09:46,252 - DEMONIO - INFO - Arrancando el Proceso A (app.py)...
2026-03-09 10:09:54,431 - DEMONIO - WARNING - El Proceso A murio inesperadamente (Codigo de salida: 1).
2026-03-09 10:09:54,431 - DEMONIO - INFO - Aplicando tolerancia a fallas: Reiniciando el servicio en 3 segundos...
2026-03-09 10:09:57,432 - DEMONIO - INFO - Arrancando el Proceso A (app.py)...
2026-03-09 10:09:59,600 - DEMONIO - WARNING - El Proceso A murio inesperadamente (Codigo de salida: 1).
2026-03-09 10:09:59,600 - DEMONIO - INFO - Aplicando tolerancia a fallas: Reiniciando el servicio en 3 segundos...
2026-03-09 10:10:02,601 - DEMONIO - INFO - Arrancando el Proceso A (app.py)...
2026-03-09 10:10:08,977 - DEMONIO - WARNING - El Proceso A murio inesperadamente (Codigo de salida: 1).
2026-03-09 10:10:08,978 - DEMONIO - INFO - Aplicando tolerancia a fallas: Reiniciando el servicio en 3 segundos...
2026-03-09 10:10:11,978 - DEMONIO - INFO - Arrancando el Proceso A (app.py)...
2026-03-09 10:10:28,179 - DEMONIO - WARNING - El Proceso A murio inesperadamente (Codigo de salida: 1).
2026-03-09 10:10:28,179 - DEMONIO - INFO - Aplicando tolerancia a fallas: Reiniciando el servicio en 3 segundos...
2026-03-09 10:10:31,180 - DEMONIO - INFO - Arrancando el Proceso A (app.py)...
2026-03-09 10:10:43,362 - DEMONIO - WARNING - El Proceso A murio inesperadamente (Codigo de salida: 1).
2026-03-09 10:10:43,362 - DEMONIO - INFO - Aplicando tolerancia a fallas: Reiniciando el servicio en 3 segundos...
2026-03-09 10:10:46,364 - DEMONIO - INFO - Arrancando el Proceso A (app.py)...
2026-03-09 10:10:50,533 - DEMONIO - WARNING - El Proceso A murio inesperadamente (Codigo de salida: 1).
2026-03-09 10:10:50,534 - DEMONIO - INFO - Aplicando tolerancia a fallas: Reiniciando el servicio en 3 segundos...
2026-03-09 10:10:53,535 - DEMONIO - INFO - Arrancando el Proceso A (app.py)...
2026-03-09 10:10:59,697 - DEMONIO - WARNING - El Proceso A murio inesperadamente (Codigo de salida: 1).
2026-03-09 10:10:59,698 - DEMONIO - INFO - Aplicando tolerancia a fallas: Reiniciando el servicio en 3 segundos...
2026-03-09 10:11:02,698 - DEMONIO - INFO - Arrancando el Proceso A (app.py)...
2026-03-09 10:11:04,864 - DEMONIO - WARNING - El Proceso A murio inesperadamente (Codigo de salida: 1).
2026-03-09 10:11:04,864 - DEMONIO - INFO - Aplicando tolerancia a fallas: Reiniciando el servicio en 3 segundos...
2026-03-09 10:11:07,865 - DEMONIO - INFO - Arrancando el Proceso A (app.py)...
2026-03-09 10:11:16,035 - DEMONIO - WARNING - El Proceso A murio inesperadamente (Codigo de salida: 1).
2026-03-09 10:11:16,036 - DEMONIO - INFO - Aplicando tolerancia a fallas: Reiniciando el servicio en 3 segundos...
2026-03-09 10:11:19,037 - DEMONIO - INFO - Arrancando el Proceso A (app.py)...
2026-03-09 10:11:25,212 - DEMONIO - WARNING - El Proceso A murio inesperadamente (Codigo de salida: 1).
2026-03-09 10:11:25,212 - DEMONIO - INFO - Aplicando tolerancia a fallas: Reiniciando el servicio en 3 segundos...
2026-03-09 10:11:28,213 - DEMONIO - INFO - Arrancando el Proceso A (app.py)...
2026-03-09 10:11:30,380 - DEMONIO - WARNING - El Proceso A murio inesperadamente (Codigo de salida: 1).
2026-03-09 10:11:30,381 - DEMONIO - INFO - Aplicando tolerancia a fallas: Reiniciando el servicio en 3 segundos...
2026-03-09 10:11:33,382 - DEMONIO - INFO - Arrancando el Proceso A (app.py)...
2026-03-09 10:11:49,588 - DEMONIO - WARNING - El Proceso A murio inesperadamente (Codigo de salida: 1).
2026-03-09 10:11:49,589 - DEMONIO - INFO - Aplicando tolerancia a fallas: Reiniciando el servicio en 3 segundos...
2026-03-09 10:11:52,590 - DEMONIO - INFO - Arrancando el Proceso A (app.py)...
2026-03-09 10:12:00,780 - DEMONIO - WARNING - El Proceso A murio inesperadamente (Codigo de salida: 1).
2026-03-09 10:12:00,780 - DEMONIO - INFO - Aplicando tolerancia a fallas: Reiniciando el servicio en 3 segundos...
2026-03-09 10:12:03,781 - DEMONIO - INFO - Arrancando el Proceso A (app.py)...
2026-03-09 10:12:32,070 - DEMONIO - WARNING - El Proceso A murio inesperadamente (Codigo de salida: 1).
2026-03-09 10:12:32,070 - DEMONIO - INFO - Aplicando tolerancia a fallas: Reiniciando el servicio en 3 segundos...
2026-03-09 10:12:35,071 - DEMONIO - INFO - Arrancando el Proceso A (app.py)...
2026-03-09 10:12:37,664 - DEMONIO - INFO - Demonio de monitoreo detenido manualmente por el usuario.
2026-03-09 10:17:41,079 - DEMONIO - INFO - Demonio iniciado. Monitoreo activado.
2026-03-09 10:17:41,080 - DEMONIO - INFO - Arrancando el Proceso A (app.py)...
2026-03-09 10:17:47,273 - DEMONIO - WARNING - El Proceso A murio inesperadamente (Codigo de salida: 1).
2026-03-09 10:17:47,274 - DEMONIO - INFO - Aplicando tolerancia a fallas: Reiniciando el servicio en 3 segundos...
2026-03-09 10:17:50,274 - DEMONIO - INFO - Arrancando el Proceso A (app.py)...
2026-03-09 10:17:51,960 - DEMONIO - WARNING - El Proceso A murio inesperadamente (Codigo de salida: 1).
2026-03-09 10:17:51,961 - DEMONIO - INFO - Aplicando tolerancia a fallas: Reiniciando el servicio en 3 segundos...
2026-03-09 10:17:54,962 - DEMONIO - INFO - Arrancando el Proceso A (app.py)...
2026-03-09 10:17:59,153 - DEMONIO - WARNING - El Proceso A murio inesperadamente (Codigo de salida: 1).
2026-03-09 10:17:59,154 - DEMONIO - INFO - Aplicando tolerancia a fallas: Reiniciando el servicio en 3 segundos...
2026-03-09 10:18:02,155 - DEMONIO - INFO - Arrancando el Proceso A (app.py)...
2026-03-09 10:18:06,767 - DEMONIO - WARNING - El Proceso A murio inesperadamente (Codigo de salida: 1).
2026-03-09 10:18:06,768 - DEMONIO - INFO - Aplicando tolerancia a fallas: Reiniciando el servicio en 3 segundos...
2026-03-09 10:18:09,768 - DEMONIO - INFO - Arrancando el Proceso A (app.py)...
2026-03-09 10:18:17,980 - DEMONIO - WARNING - El Proceso A murio inesperadamente (Codigo de salida: 1).
2026-03-09 10:18:17,981 - DEMONIO - INFO - Aplicando tolerancia a fallas: Reiniciando el servicio en 3 segundos...
2026-03-09 10:18:20,981 - DEMONIO - INFO - Arrancando el Proceso A (app.py)...
2026-03-09 10:18:33,179 - DEMONIO - WARNING - El Proceso A murio inesperadamente (Codigo de salida: 1).
2026-03-09 10:18:33,180 - DEMONIO - INFO - Aplicando tolerancia a fallas: Reiniciando el servicio en 3 segundos...
2026-03-09 10:18:36,180 - DEMONIO - INFO - Arrancando el Proceso A (app.py)...
2026-03-09 10:18:42,796 - DEMONIO - WARNING - El Proceso A murio inesperadamente (Codigo de salida: 1).
2026-03-09 10:18:42,797 - DEMONIO - INFO - Aplicando tolerancia a fallas: Reiniciando el servicio en 3 segundos...
2026-03-09 10:18:45,799 - DEMONIO - INFO - Arrancando el Proceso A (app.py)...
2026-03-09 10:18:51,995 - DEMONIO - WARNING - El Proceso A murio inesperadamente (Codigo de salida: 1).
2026-03-09 10:18:51,995 - DEMONIO - INFO - Aplicando tolerancia a fallas: Reiniciando el servicio en 3 segundos...
2026-03-09 10:18:54,996 - DEMONIO - INFO - Arrancando el Proceso A (app.py)...
2026-03-09 10:18:57,188 - DEMONIO - WARNING - El Proceso A murio inesperadamente (Codigo de salida: 1).
2026-03-09 10:18:57,188 - DEMONIO - INFO - Aplicando tolerancia a fallas: Reiniciando el servicio en 3 segundos...
2026-03-09 10:19:00,190 - DEMONIO - INFO - Arrancando el Proceso A (app.py)...
2026-03-09 10:19:06,384 - DEMONIO - WARNING - El Proceso A murio inesperadamente (Codigo de salida: 1).
2026-03-09 10:19:06,384 - DEMONIO - INFO - Aplicando tolerancia a fallas: Reiniciando el servicio en 3 segundos...
2026-03-09 10:19:09,385 - DEMONIO - INFO - Arrancando el Proceso A (app.py)...
2026-03-09 10:19:13,575 - DEMONIO - WARNING - El Proceso A murio inesperadamente (Codigo de salida: 1).
2026-03-09 10:19:13,576 - DEMONIO - INFO - Aplicando tolerancia a fallas: Reiniciando el servicio en 3 segundos...
2026-03-09 10:19:16,578 - DEMONIO - INFO - Arrancando el Proceso A (app.py)...
2026-03-09 10:19:24,761 - DEMONIO - WARNING - El Proceso A murio inesperadamente (Codigo de salida: 1).
2026-03-09 10:19:24,761 - DEMONIO - INFO - Aplicando tolerancia a fallas: Reiniciando el servicio en 3 segundos...
2026-03-09 10:19:27,762 - DEMONIO - INFO - Arrancando el Proceso A (app.py)...
2026-03-09 10:19:29,948 - DEMONIO - WARNING - El Proceso A murio inesperadamente (Codigo de salida: 1).
2026-03-09 10:19:29,949 - DEMONIO - INFO - Aplicando tolerancia a fallas: Reiniciando el servicio en 3 segundos...
2026-03-09 10:19:32,949 - DEMONIO - INFO - Arrancando el Proceso A (app.py)...
2026-03-09 10:19:37,279 - DEMONIO - WARNING - El Proceso A murio inesperadamente (Codigo de salida: 1).
2026-03-09 10:19:37,280 - DEMONIO - INFO - Aplicando tolerancia a fallas: Reiniciando el servicio en 3 segundos...
2026-03-09 10:19:40,280 - DEMONIO - INFO - Arrancando el Proceso A (app.py)...
2026-03-09 10:19:50,474 - DEMONIO - WARNING - El Proceso A murio inesperadamente (Codigo de salida: 1).
2026-03-09 10:19:50,475 - DEMONIO - INFO - Aplicando tolerancia a fallas: Reiniciando el servicio en 3 segundos...
2026-03-09 10:19:53,476 - DEMONIO - INFO - Arrancando el Proceso A (app.py)...
2026-03-09 10:19:57,670 - DEMONIO - WARNING - El Proceso A murio inesperadamente (Codigo de salida: 1).
2026-03-09 10:19:57,671 - DEMONIO - INFO - Aplicando tolerancia a fallas: Reiniciando el servicio en 3 segundos...
2026-03-09 10:20:00,672 - DEMONIO - INFO - Arrancando el Proceso A (app.py)...
2026-03-09 10:20:04,135 - DEMONIO - INFO - Demonio de monitoreo detenido manualmente por el usuario.
2026-03-09 10:20:13,260 - DEMONIO - INFO - Demonio iniciado. Monitoreo activado.
2026-03-09 10:20:13,261 - DEMONIO - INFO - Arrancando el Proceso A (app.py)...
2026-03-09 10:20:22,614 - DEMONIO - WARNING - El Proceso A murio inesperadamente (Codigo de salida: 1).
2026-03-09 10:20:22,614 - DEMONIO - INFO - Aplicando tolerancia a fallas: Reiniciando el servicio en 3 segundos...
2026-03-09 10:20:25,616 - DEMONIO - INFO - Arrancando el Proceso A (app.py)...
2026-03-09 10:20:41,981 - DEMONIO - WARNING - El Proceso A murio inesperadamente (Codigo de salida: 1).
2026-03-09 10:20:41,982 - DEMONIO - INFO - Aplicando tolerancia a fallas: Reiniciando el servicio en 3 segundos...
2026-03-09 10:20:44,984 - DEMONIO - INFO - Arrancando el Proceso A (app.py)...
2026-03-09 10:21:11,287 - DEMONIO - WARNING - El Proceso A murio inesperadamente (Codigo de salida: 1).
2026-03-09 10:21:11,287 - DEMONIO - INFO - Aplicando tolerancia a fallas: Reiniciando el servicio en 3 segundos...
2026-03-09 10:21:14,288 - DEMONIO - INFO - Arrancando el Proceso A (app.py)...
2026-03-09 10:21:16,495 - DEMONIO - WARNING - El Proceso A murio inesperadamente (Codigo de salida: 1).
2026-03-09 10:21:16,495 - DEMONIO - INFO - Aplicando tolerancia a fallas: Reiniciando el servicio en 3 segundos...
2026-03-09 10:21:19,496 - DEMONIO - INFO - Arrancando el Proceso A (app.py)...
2026-03-09 10:21:43,709 - DEMONIO - WARNING - El Proceso A murio inesperadamente (Codigo de salida: 1).
2026-03-09 10:21:43,710 - DEMONIO - INFO - Aplicando tolerancia a fallas: Reiniciando el servicio en 3 segundos...
2026-03-09 10:21:46,711 - DEMONIO - INFO - Arrancando el Proceso A (app.py)...
2026-03-09 10:21:50,904 - DEMONIO - WARNING - El Proceso A murio inesperadamente (Codigo de salida: 1).
2026-03-09 10:21:50,905 - DEMONIO - INFO - Aplicando tolerancia a fallas: Reiniciando el servicio en 3 segundos...
2026-03-09 10:21:53,907 - DEMONIO - INFO - Arrancando el Proceso A (app.py)...
2026-03-09 10:21:56,105 - DEMONIO - WARNING - El Proceso A murio inesperadamente (Codigo de salida: 1).
2026-03-09 10:21:56,106 - DEMONIO - INFO - Aplicando tolerancia a fallas: Reiniciando el servicio en 3 segundos...
2026-03-09 10:21:59,106 - DEMONIO - INFO - Arrancando el Proceso A (app.py)...
2026-03-09 10:22:55,392 - DEMONIO - WARNING - El Proceso A murio inesperadamente (Codigo de salida: 1).
2026-03-09 10:22:55,393 - DEMONIO - INFO - Aplicando tolerancia a fallas: Reiniciando el servicio en 3 segundos...
2026-03-09 10:22:58,394 - DEMONIO - INFO - Arrancando el Proceso A (app.py)...
2026-03-09 10:24:20,772 - DEMONIO - WARNING - El Proceso A murio inesperadamente (Codigo de salida: 1).
2026-03-09 10:24:20,772 - DEMONIO - INFO - Aplicando tolerancia a fallas: Reiniciando el servicio en 3 segundos...
2026-03-09 10:24:23,773 - DEMONIO - INFO - Arrancando el Proceso A (app.py)...
2026-03-09 10:24:58,013 - DEMONIO - WARNING - El Proceso A murio inesperadamente (Codigo de salida: 1).
2026-03-09 10:24:58,014 - DEMONIO - INFO - Aplicando tolerancia a fallas: Reiniciando el servicio en 3 segundos...
2026-03-09 10:25:01,014 - DEMONIO - INFO - Arrancando el Proceso A (app.py)...
2026-03-09 10:25:02,745 - DEMONIO - INFO - Demonio de monitoreo detenido manualmente por el usuario.
